EMA/app/build/outputs/logs/manifest-merger-debug-report.txt
-- Merging decision tree log ---
manifest
ADDED from src/main/AndroidManifest.xml:2:1-61:12
	package
		ADDED from src/main/AndroidManifest.xml:3:5-29
		INJECTED from src/main/AndroidManifest.xml
		INJECTED from src/main/AndroidManifest.xml
	android:versionName
		INJECTED from src/main/AndroidManifest.xml
		INJECTED from src/main/AndroidManifest.xml
	xmlns:android
		ADDED from src/main/AndroidManifest.xml:2:11-69
	android:versionCode
		INJECTED from src/main/AndroidManifest.xml
		INJECTED from src/main/AndroidManifest.xml
uses-permission#android.permission.GET_ACCOUNTS
ADDED from src/main/AndroidManifest.xml:6:5-71
	android:name
		ADDED from src/main/AndroidManifest.xml:6:22-68
uses-permission#android.permission.READ_PROFILE
ADDED from src/main/AndroidManifest.xml:7:5-71
	android:name
		ADDED from src/main/AndroidManifest.xml:7:22-68
uses-permission#android.permission.READ_CONTACTS
ADDED from src/main/AndroidManifest.xml:8:5-72
	android:name
		ADDED from src/main/AndroidManifest.xml:8:22-69
uses-permission#android.permission.WAKE_LOCK
ADDED from src/main/AndroidManifest.xml:9:5-68
	android:name
		ADDED from src/main/AndroidManifest.xml:9:22-65
uses-permission#android.permission.INTERNET
ADDED from src/main/AndroidManifest.xml:10:5-66
	android:name
		ADDED from src/main/AndroidManifest.xml:10:22-64
uses-permission#com.android.alarm.permission.SET_ALARM
ADDED from src/main/AndroidManifest.xml:11:5-77
	android:name
		ADDED from src/main/AndroidManifest.xml:11:22-75
application
ADDED from src/main/AndroidManifest.xml:13:5-55:19
MERGED from [com.android.support:appcompat-v7:23.1.1] AndroidManifest.xml:22:5-20
MERGED from [com.android.support:support-v4:23.1.1] AndroidManifest.xml:22:5-20
MERGED from [com.android.support:design:23.1.1] AndroidManifest.xml:22:5-20
MERGED from [com.android.support:appcompat-v7:23.1.1] AndroidManifest.xml:22:5-20
MERGED from [com.android.support:support-v4:23.1.1] AndroidManifest.xml:22:5-20
MERGED from [com.android.support:support-v4:23.1.1] AndroidManifest.xml:22:5-20
MERGED from [com.android.support:support-v4:23.1.1] AndroidManifest.xml:22:5-20
	android:label
		ADDED from src/main/AndroidManifest.xml:16:9-41
	android:supportsRtl
		ADDED from src/main/AndroidManifest.xml:17:9-35
	android:allowBackup
		ADDED from src/main/AndroidManifest.xml:14:9-35
	android:icon
		ADDED from src/main/AndroidManifest.xml:15:9-43
	android:theme
		ADDED from src/main/AndroidManifest.xml:18:9-40
activity#rpcs.jacob.ema.Activity.LoginActivity
ADDED from src/main/AndroidManifest.xml:19:9-26:20
	android:label
		ADDED from src/main/AndroidManifest.xml:21:13-45
	android:name
		ADDED from src/main/AndroidManifest.xml:20:13-51
intent-filter#android.intent.action.MAIN+android.intent.category.LAUNCHER
ADDED from src/main/AndroidManifest.xml:22:13-25:29
action#android.intent.action.MAIN
ADDED from src/main/AndroidManifest.xml:23:17-69
	android:name
		ADDED from src/main/AndroidManifest.xml:23:25-66
category#android.intent.category.LAUNCHER
ADDED from src/main/AndroidManifest.xml:24:17-77
	android:name
		ADDED from src/main/AndroidManifest.xml:24:27-74
activity#rpcs.jacob.ema.Activity.SignupActivity
ADDED from src/main/AndroidManifest.xml:28:9-31:20
	android:label
		ADDED from src/main/AndroidManifest.xml:29:13-32
	android:name
		ADDED from src/main/AndroidManifest.xml:28:19-58
activity#rpcs.jacob.ema.Activity.AccountHomeActivity
ADDED from src/main/AndroidManifest.xml:33:9-35:20
	android:name
		ADDED from src/main/AndroidManifest.xml:33:19-63
activity#rpcs.jacob.ema.Activity.SurveyActivity
ADDED from src/main/AndroidManifest.xml:36:9-38:20
	android:name
		ADDED from src/main/AndroidManifest.xml:36:19-58
activity#rpcs.jacob.ema.Activity.SurveyNotification
ADDED from src/main/AndroidManifest.xml:39:9-41:20
	android:name
		ADDED from src/main/AndroidManifest.xml:39:19-62
activity#rpcs.jacob.ema.Activity.MoodSurveyActivity
ADDED from src/main/AndroidManifest.xml:42:9-64
	android:name
		ADDED from src/main/AndroidManifest.xml:42:19-62
activity#rpcs.jacob.ema.Activity.PainSurveyActivity
ADDED from src/main/AndroidManifest.xml:43:9-64
	android:name
		ADDED from src/main/AndroidManifest.xml:43:19-62
activity#rpcs.jacob.ema.Activity.NutritionSurveyActivity
ADDED from src/main/AndroidManifest.xml:44:9-69
	android:name
		ADDED from src/main/AndroidManifest.xml:44:19-67
activity#rpcs.jacob.ema.Activity.SocialSurveyActivity
ADDED from src/main/AndroidManifest.xml:45:9-66
	android:name
		ADDED from src/main/AndroidManifest.xml:45:19-64
receiver#rpcs.jacob.ema.Util.NotificationReceiver
ADDED from src/main/AndroidManifest.xml:47:9-54:20
	android:name
		ADDED from src/main/AndroidManifest.xml:47:19-60
intent-filter#NotificationReceiverActivity+android.intent.action.BOOT_COMPLETED+android.intent.action.TIMEZONE_CHANGED+android.intent.action.TIME_SET
ADDED from src/main/AndroidManifest.xml:48:13-53:29
action#NotificationReceiverActivity
ADDED from src/main/AndroidManifest.xml:49:17-70
	android:name
		ADDED from src/main/AndroidManifest.xml:49:25-68
action#android.intent.action.BOOT_COMPLETED
ADDED from src/main/AndroidManifest.xml:50:17-79
	android:name
		ADDED from src/main/AndroidManifest.xml:50:25-76
action#android.intent.action.TIMEZONE_CHANGED
ADDED from src/main/AndroidManifest.xml:51:17-81
	android:name
		ADDED from src/main/AndroidManifest.xml:51:25-78
action#android.intent.action.TIME_SET
ADDED from src/main/AndroidManifest.xml:52:17-73
	android:name
		ADDED from src/main/AndroidManifest.xml:52:25-70
uses-sdk
INJECTED from src/main/AndroidManifest.xml reason: use-sdk injection requested
MERGED from [com.android.support:appcompat-v7:23.1.1] AndroidManifest.xml:20:5-43
MERGED from [com.android.support:support-v4:23.1.1] AndroidManifest.xml:20:5-43
MERGED from [com.android.support:design:23.1.1] AndroidManifest.xml:20:5-43
MERGED from [com.android.support:appcompat-v7:23.1.1] AndroidManifest.xml:20:5-43
MERGED from [com.android.support:support-v4:23.1.1] AndroidManifest.xml:20:5-43
MERGED from [com.android.support:recyclerview-v7:23.1.1] AndroidManifest.xml:20:5-43
MERGED from [com.android.support:support-v4:23.1.1] AndroidManifest.xml:20:5-43
MERGED from [com.android.support:support-v4:23.1.1] AndroidManifest.xml:20:5-43
	android:targetSdkVersion
		INJECTED from src/main/AndroidManifest.xml
		INJECTED from src/main/AndroidManifest.xml
	android:minSdkVersion
		INJECTED from src/main/AndroidManifest.xml
		INJECTED from src/main/AndroidManifest.xml